<?xml version="1.0" encoding="UTF-8"?>
<testsuite name="edu.iupui.cs450.PeriodTest" tests="72" skipped="0" failures="0" errors="0" timestamp="2017-11-10T21:56:08" hostname="LAPTOP-8PD3RACL" time="0.171">
  <properties/>
  <testcase name="testOfObjectInstanceOfPeriodChangedMonth" classname="edu.iupui.cs450.PeriodTest" time="0.004"/>
  <testcase name="testOfAddTo" classname="edu.iupui.cs450.PeriodTest" time="0.082"/>
  <testcase name="testOfMinus" classname="edu.iupui.cs450.PeriodTest" time="0.0"/>
  <testcase name="testOfParse" classname="edu.iupui.cs450.PeriodTest" time="0.0"/>
  <testcase name="testOfWeeks" classname="edu.iupui.cs450.PeriodTest" time="0.0"/>
  <testcase name="testOfYears" classname="edu.iupui.cs450.PeriodTest" time="0.0"/>
  <testcase name="testOfIsNotZero" classname="edu.iupui.cs450.PeriodTest" time="0.0"/>
  <testcase name="testOfPlusMonths" classname="edu.iupui.cs450.PeriodTest" time="0.0"/>
  <testcase name="testOfWithDiffYears" classname="edu.iupui.cs450.PeriodTest" time="0.0"/>
  <testcase name="testOfAmountInstanceOfChronoPeriod" classname="edu.iupui.cs450.PeriodTest" time="0.016"/>
  <testcase name="testOfWithDiffMonths" classname="edu.iupui.cs450.PeriodTest" time="0.0"/>
  <testcase name="TestOfNormalizedChange" classname="edu.iupui.cs450.PeriodTest" time="0.0"/>
  <testcase name="testOfOf" classname="edu.iupui.cs450.PeriodTest" time="0.0"/>
  <testcase name="testOfSubtractFromMonthNotZero" classname="edu.iupui.cs450.PeriodTest" time="0.0"/>
  <testcase name="testOfWithSameDays" classname="edu.iupui.cs450.PeriodTest" time="0.0"/>
  <testcase name="TestOfNormalizedNoChange" classname="edu.iupui.cs450.PeriodTest" time="0.0"/>
  <testcase name="testOfMultipliedBy" classname="edu.iupui.cs450.PeriodTest" time="0.0"/>
  <testcase name="testOfAmountInstanceOfPeriod" classname="edu.iupui.cs450.PeriodTest" time="0.0"/>
  <testcase name="testOfParseWeek" classname="edu.iupui.cs450.PeriodTest" time="0.0"/>
  <testcase name="testOfParseYear" classname="edu.iupui.cs450.PeriodTest" time="0.0"/>
  <testcase name="testOfMinusYears" classname="edu.iupui.cs450.PeriodTest" time="0.0"/>
  <testcase name="testOfAmountInstanceOfChronoPeriodDE" classname="edu.iupui.cs450.PeriodTest" time="0.0"/>
  <testcase name="testOfIsZero" classname="edu.iupui.cs450.PeriodTest" time="0.0"/>
  <testcase name="testOfMonths" classname="edu.iupui.cs450.PeriodTest" time="0.0"/>
  <testcase name="testOfAddToMonthZero" classname="edu.iupui.cs450.PeriodTest" time="0.0"/>
  <testcase name="TestOfNegated" classname="edu.iupui.cs450.PeriodTest" time="0.0"/>
  <testcase name="TestOfToStringDZero" classname="edu.iupui.cs450.PeriodTest" time="0.0"/>
  <testcase name="TestOfToStringMZero" classname="edu.iupui.cs450.PeriodTest" time="0.0"/>
  <testcase name="TestOfToStringYZero" classname="edu.iupui.cs450.PeriodTest" time="0.0"/>
  <testcase name="testOfPlusYears" classname="edu.iupui.cs450.PeriodTest" time="0.0"/>
  <testcase name="testOfTemporalGetException" classname="edu.iupui.cs450.PeriodTest" time="0.0"/>
  <testcase name="testOfIsNegativeMonths" classname="edu.iupui.cs450.PeriodTest" time="0.0"/>
  <testcase name="testOfSubtractFrom" classname="edu.iupui.cs450.PeriodTest" time="0.0"/>
  <testcase name="testOfAddToTotalMonthZero" classname="edu.iupui.cs450.PeriodTest" time="0.0"/>
  <testcase name="testOfWithSameMonths" classname="edu.iupui.cs450.PeriodTest" time="0.0"/>
  <testcase name="testOfParseNumberValueException" classname="edu.iupui.cs450.PeriodTest" time="0.0"/>
  <testcase name="testOfParseValueException" classname="edu.iupui.cs450.PeriodTest" time="0.0"/>
  <testcase name="testOfMultipliedBy1" classname="edu.iupui.cs450.PeriodTest" time="0.0"/>
  <testcase name="TestOfToTotalMonths" classname="edu.iupui.cs450.PeriodTest" time="0.0"/>
  <testcase name="testOfObjectInstanceOfPeriodChangedYear" classname="edu.iupui.cs450.PeriodTest" time="0.0"/>
  <testcase name="testOfAmountInstanceOfChronoPeriodE" classname="edu.iupui.cs450.PeriodTest" time="0.0"/>
  <testcase name="testOfParseNullValueException" classname="edu.iupui.cs450.PeriodTest" time="0.0"/>
  <testcase name="testOfIsNegativeDays" classname="edu.iupui.cs450.PeriodTest" time="0.0"/>
  <testcase name="testOfSubtractFromTotalMonthZero" classname="edu.iupui.cs450.PeriodTest" time="0.0"/>
  <testcase name="testOfPlusYearsToAdd0" classname="edu.iupui.cs450.PeriodTest" time="0.0"/>
  <testcase name="testOfIsNotNegative" classname="edu.iupui.cs450.PeriodTest" time="0.0"/>
  <testcase name="testOfValidateDiffChrono" classname="edu.iupui.cs450.PeriodTest" time="0.016"/>
  <testcase name="testOfParseNegate" classname="edu.iupui.cs450.PeriodTest" time="0.0"/>
  <testcase name="testOfParseDay" classname="edu.iupui.cs450.PeriodTest" time="0.0"/>
  <testcase name="testOfParseNumberFormatException" classname="edu.iupui.cs450.PeriodTest" time="0.0"/>
  <testcase name="testOfParseMonth" classname="edu.iupui.cs450.PeriodTest" time="0.0"/>
  <testcase name="testOfTemporalGetUnits" classname="edu.iupui.cs450.PeriodTest" time="0.0"/>
  <testcase name="testOfObjectNotInstanceOfPeriod" classname="edu.iupui.cs450.PeriodTest" time="0.0"/>
  <testcase name="testOfMultipliedByForPeriodZero" classname="edu.iupui.cs450.PeriodTest" time="0.0"/>
  <testcase name="testOfObjectInstanceOfPeriodChangedDay" classname="edu.iupui.cs450.PeriodTest" time="0.0"/>
  <testcase name="testOfWithDiffDays" classname="edu.iupui.cs450.PeriodTest" time="0.0"/>
  <testcase name="testOfValidateNullChrono" classname="edu.iupui.cs450.PeriodTest" time="0.0"/>
  <testcase name="TestOfToStringZero" classname="edu.iupui.cs450.PeriodTest" time="0.0"/>
  <testcase name="testOfPlusMonthsToAdd0" classname="edu.iupui.cs450.PeriodTest" time="0.0"/>
  <testcase name="testOfDays" classname="edu.iupui.cs450.PeriodTest" time="0.0"/>
  <testcase name="testOfPlus" classname="edu.iupui.cs450.PeriodTest" time="0.0"/>
  <testcase name="testOfSubtractFromMonthZero" classname="edu.iupui.cs450.PeriodTest" time="0.0"/>
  <testcase name="testOfMinusMonths" classname="edu.iupui.cs450.PeriodTest" time="0.0"/>
  <testcase name="testOfIsNegative" classname="edu.iupui.cs450.PeriodTest" time="0.0"/>
  <testcase name="TestOfToTotalMonthsZero" classname="edu.iupui.cs450.PeriodTest" time="0.0"/>
  <testcase name="testOfPlusDays" classname="edu.iupui.cs450.PeriodTest" time="0.0"/>
  <testcase name="testOfAddToMonthNotZero" classname="edu.iupui.cs450.PeriodTest" time="0.0"/>
  <testcase name="testOfIsNegativeYears" classname="edu.iupui.cs450.PeriodTest" time="0.0"/>
  <testcase name="testOfTemporalGet" classname="edu.iupui.cs450.PeriodTest" time="0.0"/>
  <testcase name="testOfMinusDays" classname="edu.iupui.cs450.PeriodTest" time="0.0"/>
  <testcase name="testOfWithSameYears" classname="edu.iupui.cs450.PeriodTest" time="0.0"/>
  <testcase name="testOfPlusDaysToAdd0" classname="edu.iupui.cs450.PeriodTest" time="0.0"/>
  <system-out><![CDATA[]]></system-out>
  <system-err><![CDATA[]]></system-err>
</testsuite>
